生成启动时间为 2019/8/20 13:59:36。
     1>项目“C:\Users\程风\bitree\bitree.vcxproj”在节点 2 上(Build 个目标)。
     1>ClCompile:
         D:\c\VC\bin\CL.exe /c /ZI /nologo /W3 /WX- /Od /Oy- /D WIN32 /D _DEBUG /D _CONSOLE /D _LIB /D _UNICODE /D UNICODE /Gm /EHsc /RTC1 /MDd /GS /fp:precise /Zc:wchar_t /Zc:forScope /Fo"Debug\\" /Fd"Debug\vc120.pdb" /Gd /TP /analyze- /errorReport:prompt main.cpp
         main.cpp
     1>c:\users\程风\bitree\bitree.h(9): warning C4091: “typedef ”: 没有声明变量时忽略“_biTNode”的左侧
     1>c:\users\程风\bitree\bitree.h(15): warning C4091: “typedef ”: 没有声明变量时忽略“_biTree”的左侧
     1>c:\users\程风\bitree\main.cpp(11): warning C4996: 'strncpy': This function or variable may be unsafe. Consider using strncpy_s instead. To disable deprecation, use _CRT_SECURE_NO_WARNINGS. See online help for details.
                 d:\c\vc\include\string.h(195) : 参见“strncpy”的声明
     1>c:\users\程风\bitree\main.cpp(14): warning C4996: 'strncpy': This function or variable may be unsafe. Consider using strncpy_s instead. To disable deprecation, use _CRT_SECURE_NO_WARNINGS. See online help for details.
                 d:\c\vc\include\string.h(195) : 参见“strncpy”的声明
     1>c:\users\程风\bitree\main.cpp(17): warning C4996: 'strncpy': This function or variable may be unsafe. Consider using strncpy_s instead. To disable deprecation, use _CRT_SECURE_NO_WARNINGS. See online help for details.
                 d:\c\vc\include\string.h(195) : 参见“strncpy”的声明
     1>c:\users\程风\bitree\main.cpp(20): warning C4996: 'strncpy': This function or variable may be unsafe. Consider using strncpy_s instead. To disable deprecation, use _CRT_SECURE_NO_WARNINGS. See online help for details.
                 d:\c\vc\include\string.h(195) : 参见“strncpy”的声明
     1>c:\users\程风\bitree\main.cpp(6): warning C4101: “parentNode”: 未引用的局部变量
       Link:
         D:\c\VC\bin\link.exe /ERRORREPORT:PROMPT /OUT:"C:\Users\程风\bitree\Debug\bitree.exe" /INCREMENTAL /NOLOGO kernel32.lib user32.lib gdi32.lib winspool.lib comdlg32.lib advapi32.lib shell32.lib ole32.lib oleaut32.lib uuid.lib odbc32.lib odbccp32.lib /MANIFEST /MANIFESTUAC:"level='asInvoker' uiAccess='false'" /manifest:embed /DEBUG /PDB:"C:\Users\程风\bitree\Debug\bitree.pdb" /SUBSYSTEM:CONSOLE /TLBID:1 /DYNAMICBASE /NXCOMPAT /IMPLIB:"C:\Users\程风\bitree\Debug\bitree.lib" /MACHINE:X86 Debug\bitree.obj
         Debug\main.obj
         bitree.vcxproj -> C:\Users\程风\bitree\Debug\bitree.exe
     1>已完成生成项目“C:\Users\程风\bitree\bitree.vcxproj”(Build 个目标)的操作。

生成成功。

已用时间 00:00:00.75
